<?xml version="1.0" encoding="UTF-8"?>
<Vehicles>
	<Vehicle>
		<Id>vehicle 1</Id>
		<Frame>
			<Material>Plastic</Material>
		</Frame>
		<Wheels>
			<Wheel>
				<Position>left rear</Position>
				<Material>Plastic</Material>
			</Wheel>
			<Wheel>
				<Position>right rear</Position>
				<Material>Plastic</Material>
			</Wheel>
			<Wheel>
				<Position>front</Position>
				<Material>Plastic</Material>
			</Wheel>
		</Wheels>
		<PowerTrain>
			<Type>Human</Type>
		</PowerTrain>
	</Vehicle>
</Vehicles>